# JRE version: Java(TM) SE Runtime Environment (23.0.1+11) (build 23.0.1+11-39)
# Java VM: Java HotSpot(TM) 64-Bit Server VM (23.0.1+11-39, mixed mode, sharing, tiered, compressed oops, compressed class ptrs, g1 gc, windows-amd64)
GC Precious Log:
 CardTable entry size: 512
 Card Set container configuration: InlinePtr #cards 4 size 8 Array Of Cards #cards 16 size 48 Howl #buckets 8 coarsen threshold 3686 Howl Bitmap #cards 512 size 80 coarsen threshold 460 Card regions per heap region 1 cards per card region 4096
 CPUs: 16 total, 16 available
 Memory: 16050M
 Large Page Support: Disabled
 NUMA Support: Disabled
 Compressed Oops: Enabled (Zero based)
 Heap Region Size: 2M
 Heap Min Capacity: 8M
 Heap Initial Capacity: 252M
 Heap Max Capacity: 4014M
 Pre-touch: Disabled
 Parallel Workers: 13
 Concurrent Workers: 3
 Concurrent Refinement Workers: 13
 Periodic GC: Disabled
Heap:
 garbage-first heap   total reserved 4110336K, committed 110592K, used 79031K [0x0000000705200000, 0x0000000800000000)
  region size 2048K, 23 young (47104K), 3 survivors (6144K)
 Metaspace       used 89255K, committed 90112K, reserved 1179648K
  class space    used 12164K, committed 12544K, reserved 1048576K
GC Heap History (20 events):
Event: 3.753 GC heap before
{Heap before GC invocations=10 (full 0):
 garbage-first heap   total reserved 4110336K, committed 59392K, used 47117K [0x0000000705200000, 0x0000000800000000)
  region size 2048K, 14 young (28672K), 2 survivors (4096K)
 Metaspace       used 46102K, committed 46720K, reserved 1114112K
  class space    used 6213K, committed 6464K, reserved 1048576K
}
Event: 3.757 GC heap after
{Heap after GC invocations=11 (full 0):
 garbage-first heap   total reserved 4110336K, committed 59392K, used 24299K [0x0000000705200000, 0x0000000800000000)
  region size 2048K, 2 young (4096K), 2 survivors (4096K)
 Metaspace       used 46102K, committed 46720K, reserved 1114112K
  class space    used 6213K, committed 6464K, reserved 1048576K
}
Event: 4.224 GC heap before
{Heap before GC invocations=11 (full 0):
 garbage-first heap   total reserved 4110336K, committed 59392K, used 48875K [0x0000000705200000, 0x0000000800000000)
  region size 2048K, 14 young (28672K), 2 survivors (4096K)
 Metaspace       used 55844K, committed 56384K, reserved 1114112K
  class space    used 7523K, committed 7744K, reserved 1048576K
}
Event: 4.228 GC heap after
{Heap after GC invocations=12 (full 0):
 garbage-first heap   total reserved 4110336K, committed 59392K, used 26609K [0x0000000705200000, 0x0000000800000000)
  region size 2048K, 2 young (4096K), 2 survivors (4096K)
 Metaspace       used 55844K, committed 56384K, reserved 1114112K
  class space    used 7523K, committed 7744K, reserved 1048576K
}
Event: 4.459 GC heap before
{Heap before GC invocations=12 (full 0):
 garbage-first heap   total reserved 4110336K, committed 59392K, used 36849K [0x0000000705200000, 0x0000000800000000)
  region size 2048K, 9 young (18432K), 2 survivors (4096K)
 Metaspace       used 59744K, committed 60288K, reserved 1114112K
  class space    used 8030K, committed 8256K, reserved 1048576K
}
Event: 4.463 GC heap after
{Heap after GC invocations=13 (full 0):
 garbage-first heap   total reserved 4110336K, committed 59392K, used 27702K [0x0000000705200000, 0x0000000800000000)
  region size 2048K, 1 young (2048K), 1 survivors (2048K)
 Metaspace       used 59744K, committed 60288K, reserved 1114112K
  class space    used 8030K, committed 8256K, reserved 1048576K
}
Event: 4.803 GC heap before
{Heap before GC invocations=14 (full 0):
 garbage-first heap   total reserved 4110336K, committed 59392K, used 48182K [0x0000000705200000, 0x0000000800000000)
  region size 2048K, 12 young (24576K), 1 survivors (2048K)
 Metaspace       used 64390K, committed 65024K, reserved 1114112K
  class space    used 8635K, committed 8896K, reserved 1048576K
}
Event: 4.805 GC heap after
{Heap after GC invocations=15 (full 0):
 garbage-first heap   total reserved 4110336K, committed 59392K, used 29028K [0x0000000705200000, 0x0000000800000000)
  region size 2048K, 2 young (4096K), 2 survivors (4096K)
 Metaspace       used 64390K, committed 65024K, reserved 1114112K
  class space    used 8635K, committed 8896K, reserved 1048576K
}
Event: 5.110 GC heap before
{Heap before GC invocations=15 (full 0):
 garbage-first heap   total reserved 4110336K, committed 59392K, used 45412K [0x0000000705200000, 0x0000000800000000)
  region size 2048K, 11 young (22528K), 2 survivors (4096K)
 Metaspace       used 69706K, committed 70272K, reserved 1114112K
  class space    used 9523K, committed 9792K, reserved 1048576K
}
Event: 5.113 GC heap after
{Heap after GC invocations=16 (full 0):
 garbage-first heap   total reserved 4110336K, committed 59392K, used 29045K [0x0000000705200000, 0x0000000800000000)
  region size 2048K, 1 young (2048K), 1 survivors (2048K)
 Metaspace       used 69706K, committed 70272K, reserved 1114112K
  class space    used 9523K, committed 9792K, reserved 1048576K
}
Event: 5.535 GC heap before
{Heap before GC invocations=16 (full 0):
 garbage-first heap   total reserved 4110336K, committed 59392K, used 51573K [0x0000000705200000, 0x0000000800000000)
  region size 2048K, 12 young (24576K), 1 survivors (2048K)
 Metaspace       used 74647K, committed 75328K, reserved 1114112K
  class space    used 10282K, committed 10624K, reserved 1048576K
}
Event: 5.539 GC heap after
{Heap after GC invocations=17 (full 0):
 garbage-first heap   total reserved 4110336K, committed 159744K, used 31085K [0x0000000705200000, 0x0000000800000000)
  region size 2048K, 2 young (4096K), 2 survivors (4096K)
 Metaspace       used 74647K, committed 75328K, reserved 1114112K
  class space    used 10282K, committed 10624K, reserved 1048576K
}
Event: 13.527 GC heap before
{Heap before GC invocations=18 (full 0):
 garbage-first heap   total reserved 4110336K, committed 110592K, used 92525K [0x0000000705200000, 0x0000000800000000)
  region size 2048K, 32 young (65536K), 2 survivors (4096K)
 Metaspace       used 83954K, committed 84736K, reserved 1179648K
  class space    used 11590K, committed 11904K, reserved 1048576K
}
Event: 13.542 GC heap after
{Heap after GC invocations=19 (full 0):
 garbage-first heap   total reserved 4110336K, committed 110592K, used 35740K [0x0000000705200000, 0x0000000800000000)
  region size 2048K, 4 young (8192K), 4 survivors (8192K)
 Metaspace       used 83954K, committed 84736K, reserved 1179648K
  class space    used 11590K, committed 11904K, reserved 1048576K
}
Event: 31.848 GC heap before
{Heap before GC invocations=19 (full 0):
 garbage-first heap   total reserved 4110336K, committed 110592K, used 52124K [0x0000000705200000, 0x0000000800000000)
  region size 2048K, 14 young (28672K), 4 survivors (8192K)
 Metaspace       used 87487K, committed 88384K, reserved 1179648K
  class space    used 12084K, committed 12480K, reserved 1048576K
}
Event: 31.890 GC heap after
{Heap after GC invocations=20 (full 1):
 garbage-first heap   total reserved 4110336K, committed 110592K, used 31819K [0x0000000705200000, 0x0000000800000000)
  region size 2048K, 0 young (0K), 0 survivors (0K)
 Metaspace       used 87487K, committed 88384K, reserved 1179648K
  class space    used 12084K, committed 12480K, reserved 1048576K
}
Event: 32.672 GC heap before
{Heap before GC invocations=20 (full 1):
 garbage-first heap   total reserved 4110336K, committed 110592K, used 83019K [0x0000000705200000, 0x0000000800000000)
  region size 2048K, 26 young (53248K), 0 survivors (0K)
 Metaspace       used 88011K, committed 88896K, reserved 1179648K
  class space    used 12098K, committed 12480K, reserved 1048576K
}
Event: 32.675 GC heap after
{Heap after GC invocations=21 (full 1):
 garbage-first heap   total reserved 4110336K, committed 110592K, used 37028K [0x0000000705200000, 0x0000000800000000)
  region size 2048K, 3 young (6144K), 3 survivors (6144K)
 Metaspace       used 88011K, committed 88896K, reserved 1179648K
  class space    used 12098K, committed 12480K, reserved 1048576K
}
Event: 34.690 GC heap before
{Heap before GC invocations=21 (full 1):
 garbage-first heap   total reserved 4110336K, committed 110592K, used 86180K [0x0000000705200000, 0x0000000800000000)
  region size 2048K, 28 young (57344K), 3 survivors (6144K)
 Metaspace       used 88512K, committed 89408K, reserved 1179648K
  class space    used 12139K, committed 12544K, reserved 1048576K
}
Event: 34.693 GC heap after
{Heap after GC invocations=22 (full 1):
 garbage-first heap   total reserved 4110336K, committed 110592K, used 40119K [0x0000000705200000, 0x0000000800000000)
  region size 2048K, 3 young (6144K), 3 survivors (6144K)
 Metaspace       used 88512K, committed 89408K, reserved 1179648K
  class space    used 12139K, committed 12544K, reserved 1048576K
}

