# JRE version: Java(TM) SE Runtime Environment (23.0.1+11) (build 23.0.1+11-39)
# Java VM: Java HotSpot(TM) 64-Bit Server VM (23.0.1+11-39, mixed mode, sharing, tiered, compressed oops, compressed class ptrs, g1 gc, windows-amd64)
GC Precious Log:
 CardTable entry size: 512
 Card Set container configuration: InlinePtr #cards 4 size 8 Array Of Cards #cards 16 size 48 Howl #buckets 8 coarsen threshold 3686 Howl Bitmap #cards 512 size 80 coarsen threshold 460 Card regions per heap region 1 cards per card region 4096
 CPUs: 16 total, 16 available
 Memory: 16050M
 Large Page Support: Disabled
 NUMA Support: Disabled
 Compressed Oops: Enabled (Zero based)
 Heap Region Size: 2M
 Heap Min Capacity: 8M
 Heap Initial Capacity: 252M
 Heap Max Capacity: 4014M
 Pre-touch: Disabled
 Parallel Workers: 13
 Concurrent Workers: 3
 Concurrent Refinement Workers: 13
 Periodic GC: Disabled
Heap:
 garbage-first heap   total reserved 4110336K, committed 122880K, used 95373K [0x0000000705200000, 0x0000000800000000)
  region size 2048K, 17 young (34816K), 1 survivors (2048K)
 Metaspace       used 35303K, committed 35840K, reserved 1114112K
  class space    used 4061K, committed 4288K, reserved 1048576K
GC Heap History (20 events):
Event: 2.078 GC heap before
{Heap before GC invocations=2 (full 0):
 garbage-first heap   total reserved 4110336K, committed 258048K, used 74553K [0x0000000705200000, 0x0000000800000000)
  region size 2048K, 35 young (71680K), 1 survivors (2048K)
 Metaspace       used 16368K, committed 16640K, reserved 1114112K
  class space    used 1972K, committed 2112K, reserved 1048576K
}
Event: 2.084 GC heap after
{Heap after GC invocations=3 (full 0):
 garbage-first heap   total reserved 4110336K, committed 258048K, used 12662K [0x0000000705200000, 0x0000000800000000)
  region size 2048K, 5 young (10240K), 5 survivors (10240K)
 Metaspace       used 16368K, committed 16640K, reserved 1114112K
  class space    used 1972K, committed 2112K, reserved 1048576K
}
Event: 2.872 GC heap before
{Heap before GC invocations=3 (full 0):
 garbage-first heap   total reserved 4110336K, committed 258048K, used 74102K [0x0000000705200000, 0x0000000800000000)
  region size 2048K, 35 young (71680K), 5 survivors (10240K)
 Metaspace       used 17164K, committed 17536K, reserved 1114112K
  class space    used 1999K, committed 2176K, reserved 1048576K
}
Event: 2.878 GC heap after
{Heap after GC invocations=4 (full 0):
 garbage-first heap   total reserved 4110336K, committed 258048K, used 17002K [0x0000000705200000, 0x0000000800000000)
  region size 2048K, 3 young (6144K), 3 survivors (6144K)
 Metaspace       used 17164K, committed 17536K, reserved 1114112K
  class space    used 1999K, committed 2176K, reserved 1048576K
}
Event: 3.907 GC heap before
{Heap before GC invocations=4 (full 0):
 garbage-first heap   total reserved 4110336K, committed 258048K, used 100970K [0x0000000705200000, 0x0000000800000000)
  region size 2048K, 29 young (59392K), 3 survivors (6144K)
 Metaspace       used 21183K, committed 21504K, reserved 1114112K
  class space    used 2451K, committed 2624K, reserved 1048576K
}
Event: 3.913 GC heap after
{Heap after GC invocations=5 (full 0):
 garbage-first heap   total reserved 4110336K, committed 258048K, used 20662K [0x0000000705200000, 0x0000000800000000)
  region size 2048K, 3 young (6144K), 3 survivors (6144K)
 Metaspace       used 21183K, committed 21504K, reserved 1114112K
  class space    used 2451K, committed 2624K, reserved 1048576K
}
Event: 4.657 GC heap before
{Heap before GC invocations=6 (full 0):
 garbage-first heap   total reserved 4110336K, committed 75776K, used 73910K [0x0000000705200000, 0x0000000800000000)
  region size 2048K, 28 young (57344K), 3 survivors (6144K)
 Metaspace       used 27329K, committed 27712K, reserved 1114112K
  class space    used 3193K, committed 3328K, reserved 1048576K
}
Event: 4.667 GC heap after
{Heap after GC invocations=7 (full 0):
 garbage-first heap   total reserved 4110336K, committed 98304K, used 39033K [0x0000000705200000, 0x0000000800000000)
  region size 2048K, 10 young (20480K), 10 survivors (20480K)
 Metaspace       used 27329K, committed 27712K, reserved 1114112K
  class space    used 3193K, committed 3328K, reserved 1048576K
}
Event: 5.128 GC heap before
{Heap before GC invocations=7 (full 0):
 garbage-first heap   total reserved 4110336K, committed 98304K, used 69753K [0x0000000705200000, 0x0000000800000000)
  region size 2048K, 25 young (51200K), 10 survivors (20480K)
 Metaspace       used 28610K, committed 28992K, reserved 1114112K
  class space    used 3331K, committed 3456K, reserved 1048576K
}
Event: 5.140 GC heap after
{Heap after GC invocations=8 (full 0):
 garbage-first heap   total reserved 4110336K, committed 98304K, used 43931K [0x0000000705200000, 0x0000000800000000)
  region size 2048K, 2 young (4096K), 2 survivors (4096K)
 Metaspace       used 28610K, committed 28992K, reserved 1114112K
  class space    used 3331K, committed 3456K, reserved 1048576K
}
Event: 5.708 GC heap before
{Heap before GC invocations=8 (full 0):
 garbage-first heap   total reserved 4110336K, committed 98304K, used 74651K [0x0000000705200000, 0x0000000800000000)
  region size 2048K, 18 young (36864K), 2 survivors (4096K)
 Metaspace       used 30257K, committed 30720K, reserved 1114112K
  class space    used 3520K, committed 3712K, reserved 1048576K
}
Event: 5.716 GC heap after
{Heap after GC invocations=9 (full 0):
 garbage-first heap   total reserved 4110336K, committed 98304K, used 44037K [0x0000000705200000, 0x0000000800000000)
  region size 2048K, 2 young (4096K), 2 survivors (4096K)
 Metaspace       used 30257K, committed 30720K, reserved 1114112K
  class space    used 3520K, committed 3712K, reserved 1048576K
}
Event: 6.025 GC heap before
{Heap before GC invocations=9 (full 0):
 garbage-first heap   total reserved 4110336K, committed 98304K, used 78853K [0x0000000705200000, 0x0000000800000000)
  region size 2048K, 19 young (38912K), 2 survivors (4096K)
 Metaspace       used 30691K, committed 31232K, reserved 1114112K
  class space    used 3538K, committed 3776K, reserved 1048576K
}
Event: 6.036 GC heap after
{Heap after GC invocations=10 (full 0):
 garbage-first heap   total reserved 4110336K, committed 118784K, used 45238K [0x0000000705200000, 0x0000000800000000)
  region size 2048K, 1 young (2048K), 1 survivors (2048K)
 Metaspace       used 30691K, committed 31232K, reserved 1114112K
  class space    used 3538K, committed 3776K, reserved 1048576K
}
Event: 7.102 GC heap before
{Heap before GC invocations=10 (full 0):
 garbage-first heap   total reserved 4110336K, committed 118784K, used 96438K [0x0000000705200000, 0x0000000800000000)
  region size 2048K, 26 young (53248K), 1 survivors (2048K)
 Metaspace       used 32419K, committed 32960K, reserved 1114112K
  class space    used 3759K, committed 4032K, reserved 1048576K
}
Event: 7.112 GC heap after
{Heap after GC invocations=11 (full 0):
 garbage-first heap   total reserved 4110336K, committed 118784K, used 53121K [0x0000000705200000, 0x0000000800000000)
  region size 2048K, 4 young (8192K), 4 survivors (8192K)
 Metaspace       used 32419K, committed 32960K, reserved 1114112K
  class space    used 3759K, committed 4032K, reserved 1048576K
}
Event: 7.516 GC heap before
{Heap before GC invocations=11 (full 0):
 garbage-first heap   total reserved 4110336K, committed 118784K, used 96129K [0x0000000705200000, 0x0000000800000000)
  region size 2048K, 26 young (53248K), 4 survivors (8192K)
 Metaspace       used 32593K, committed 33152K, reserved 1114112K
  class space    used 3771K, committed 4032K, reserved 1048576K
}
Event: 7.531 GC heap after
{Heap after GC invocations=12 (full 0):
 garbage-first heap   total reserved 4110336K, committed 122880K, used 67766K [0x0000000705200000, 0x0000000800000000)
  region size 2048K, 4 young (8192K), 4 survivors (8192K)
 Metaspace       used 32593K, committed 33152K, reserved 1114112K
  class space    used 3771K, committed 4032K, reserved 1048576K
}
Event: 8.027 GC heap before
{Heap before GC invocations=12 (full 0):
 garbage-first heap   total reserved 4110336K, committed 122880K, used 98486K [0x0000000705200000, 0x0000000800000000)
  region size 2048K, 20 young (40960K), 4 survivors (8192K)
 Metaspace       used 33835K, committed 34432K, reserved 1114112K
  class space    used 3929K, committed 4224K, reserved 1048576K
}
Event: 8.031 GC heap after
{Heap after GC invocations=13 (full 0):
 garbage-first heap   total reserved 4110336K, committed 122880K, used 66701K [0x0000000705200000, 0x0000000800000000)
  region size 2048K, 1 young (2048K), 1 survivors (2048K)
 Metaspace       used 33835K, committed 34432K, reserved 1114112K
  class space    used 3929K, committed 4224K, reserved 1048576K
}

